<?xml version="1.0" encoding="UTF-8"?>
<testng-results ignored="0" total="1" passed="1" failed="0" skipped="0">
  <reporter-output>
  </reporter-output>
  <suite started-at="2023-03-04T16:55:09 IST" name="Suite" finished-at="2023-03-04T16:56:03 IST" duration-ms="54693">
    <groups>
    </groups>
    <test started-at="2023-03-04T16:55:09 IST" name="Test" finished-at="2023-03-04T16:56:03 IST" duration-ms="54693">
      <class name="com.knila.test.Test">
        <test-method is-config="true" signature="startTest()[pri:0, instance:com.knila.test.Test@3527942a]" started-at="2023-03-04T16:55:09 IST" name="startTest" finished-at="2023-03-04T16:55:09 IST" duration-ms="253" status="PASS">
          <reporter-output>
          </reporter-output>
        </test-method> <!-- startTest -->
        <test-method is-config="true" signature="beforeClass()[pri:0, instance:com.knila.test.Test@3527942a]" started-at="2023-03-04T16:55:09 IST" name="beforeClass" finished-at="2023-03-04T16:55:12 IST" duration-ms="3242" status="PASS">
          <reporter-output>
          </reporter-output>
        </test-method> <!-- beforeClass -->
        <test-method signature="purchaseTest()[pri:0, instance:com.knila.test.Test@3527942a]" started-at="2023-03-04T16:55:12 IST" name="purchaseTest" finished-at="2023-03-04T16:56:02 IST" duration-ms="50392" status="PASS">
          <reporter-output>
          </reporter-output>
        </test-method> <!-- purchaseTest -->
        <test-method is-config="true" signature="after(org.testng.ITestResult)[pri:0, instance:com.knila.test.Test@3527942a]" started-at="2023-03-04T16:56:02 IST" name="after" finished-at="2023-03-04T16:56:02 IST" duration-ms="3" status="PASS">
          <params>
            <param index="0">
              <value>
                <![CDATA[[TestResult name=purchaseTest status=SUCCESS method=Test.purchaseTest()[pri:0, instance:com.knila.test.Test@3527942a] output={null}]]]>
              </value>
            </param>
          </params>
          <reporter-output>
          </reporter-output>
        </test-method> <!-- after -->
        <test-method is-config="true" signature="afterClass()[pri:0, instance:com.knila.test.Test@3527942a]" started-at="2023-03-04T16:56:02 IST" name="afterClass" finished-at="2023-03-04T16:56:03 IST" duration-ms="738" status="PASS">
          <reporter-output>
          </reporter-output>
        </test-method> <!-- afterClass -->
      </class> <!-- com.knila.test.Test -->
    </test> <!-- Test -->
  </suite> <!-- Suite -->
</testng-results>
